Terminals unused in grammar

   T_PLUS_EQ
   T_MINUS_EQ
   T_TIMES_EQ
   T_DIVIDE_EQ
   T_DOUBLE_PERIOD
   T_REPEAT
   T_UNTIL
   T_INVALID


Grammar

    0 $accept: input T_EOF

    1 input: T_PROGRAM T_ID T_SEMICOLON force_initialization block_body T_PERIOD

    2 force_initialization: /* empty */

    3 block_body: opt_constant_definition_part opt_variable_definition_part star_procedure_definition compound_statement

    4 opt_constant_definition_part: /* empty */
    5                             | constant_definition_part

    6 opt_variable_definition_part: /* empty */
    7                             | variable_definition_part

    8 star_procedure_definition: /* empty */
    9                          | procedure_definition star_procedure_definition

   10 constant_definition_part: T_CONST plus_constant_definition

   11 plus_constant_definition: constant_definition
   12                         | constant_definition plus_constant_definition

   13 constant_definition: T_ID T_EQ T_INT_CONST T_SEMICOLON
   14                    | T_ID T_EQ T_REAL_CONST T_SEMICOLON
   15                    | T_ID T_EQ T_BOOLEAN_CONST T_SEMICOLON

   16 variable_definition_part: T_VAR plus_variable_definition

   17 plus_variable_definition: variable_definition
   18                         | variable_definition plus_variable_definition

   19 variable_definition: variable_group T_SEMICOLON

   20 variable_group: T_ID star_comma_id T_COLON type

   21 star_comma_id: /* empty */
   22              | T_COMMA T_ID star_comma_id

   23 type: T_INTEGER
   24     | T_REAL
   25     | T_BOOLEAN

   26 procedure_definition: procedure_block block_body T_SEMICOLON

   27 procedure_block: T_PROCEDURE T_ID opt_brc_formal_parameter_list_brc T_SEMICOLON

   28 opt_brc_formal_parameter_list_brc: /* empty */
   29                                  | T_LBRACKET formal_parameter_list T_RBRACKET

   30 formal_parameter_list: parameter_definition star_smc_parameter_definition

   31 star_smc_parameter_definition: /* empty */
   32                              | T_SEMICOLON parameter_definition star_smc_parameter_definition

   33 parameter_definition: variable_group

   34 statement: /* empty */
   35          | procedure_statement
   36          | if_statement
   37          | while_statement
   38          | compound_statement
   39          | assignment_statement

   40 assignment_statement: variable_access T_ASSIGN expression

   41 procedure_statement: T_ID opt_brc_actual_parameter_list_brc

   42 opt_brc_actual_parameter_list_brc: /* empty */
   43                                  | T_LBRACKET actual_parameter_list T_RBRACKET

   44 actual_parameter_list: actual_parameter star_comma_actual_parameter

   45 star_comma_actual_parameter: /* empty */
   46                            | T_COMMA actual_parameter star_comma_actual_parameter

   47 actual_parameter: expression

   48 if_statement: T_IF expression T_THEN statement
   49             | T_IF expression T_THEN statement T_ELSE statement

   50 while_statement: T_WHILE expression T_DO statement

   51 compound_statement: T_BEGIN statement star_comma_statement T_END

   52 star_comma_statement: /* empty */
   53                     | T_SEMICOLON statement star_comma_statement

   54 expression: simple_expression opt_relational_operator_simple_expression

   55 opt_relational_operator_simple_expression: /* empty */
   56                                          | relational_operator simple_expression

   57 relational_operator: T_LT
   58                    | T_EQ
   59                    | T_GT
   60                    | T_LEQ
   61                    | T_DIF
   62                    | T_GEQ

   63 simple_expression: sign_operator term star_adding_operator_term
   64                  | term star_adding_operator_term

   65 sign_operator: T_PLUS
   66              | T_MINUS

   67 star_adding_operator_term: /* empty */
   68                          | adding_operator term star_adding_operator_term

   69 adding_operator: T_PLUS
   70                | T_MINUS
   71                | T_OR

   72 term: factor star_multiplying_operator_factor

   73 star_multiplying_operator_factor: /* empty */
   74                                 | multiplying_operator factor star_multiplying_operator_factor

   75 multiplying_operator: T_TIMES
   76                     | T_DIV
   77                     | T_MOD
   78                     | T_AND
   79                     | T_DIVIDE

   80 factor: constant
   81       | T_LBRACKET expression T_RBRACKET
   82       | T_NOT factor

   83 variable_access: T_ID

   84 constant: T_INT_CONST
   85         | T_REAL_CONST
   86         | T_BOOLEAN_CONST
   87         | variable_access


Terminals, with rules where they appear

T_EOF (0) 0
T_ID (1) 1 13 14 15 20 22 27 41 83
T_INT_CONST (2) 13 84
T_REAL_CONST (3) 14 85
T_BOOLEAN_CONST (4) 15 86
T_PROGRAM (5) 1
T_PROCEDURE (6) 27
T_BEGIN (7) 51
T_END (8) 51
T_IF (9) 48 49
T_THEN (10) 48 49
T_ELSE (11) 49
T_WHILE (12) 50
T_DO (13) 50
T_ASSIGN (14) 40
T_PLUS (15) 65 69
T_MINUS (16) 66 70
T_TIMES (17) 75
T_DIVIDE (18) 79
T_DIV (19) 76
T_MOD (20) 77
T_PLUS_EQ (21)
T_MINUS_EQ (22)
T_TIMES_EQ (23)
T_AND (24) 78
T_OR (25) 71
T_NOT (26) 82
T_DIVIDE_EQ (27)
T_VAR (28) 16
T_INTEGER (29) 23
T_REAL (30) 24
T_BOOLEAN (31) 25
T_COLON (32) 20
T_SEMICOLON (33) 1 13 14 15 19 26 27 32 53
T_COMMA (34) 22 46
T_PERIOD (35) 1
T_DOUBLE_PERIOD (36)
T_LBRACKET (37) 29 43 81
T_RBRACKET (38) 29 43 81
T_CONST (39) 10
T_REPEAT (40)
T_UNTIL (41)
T_EQ (42) 13 14 15 58
T_DIF (43) 61
T_LT (44) 57
T_LEQ (45) 60
T_GT (46) 59
T_GEQ (47) 62
T_INVALID (255)
error (256)


Nonterminals, with rules where they appear

$accept (51)
    on left: 0
input (52)
    on left: 1, on right: 0
force_initialization (53)
    on left: 2, on right: 1
block_body (54)
    on left: 3, on right: 1 26
opt_constant_definition_part (55)
    on left: 4 5, on right: 3
opt_variable_definition_part (56)
    on left: 6 7, on right: 3
star_procedure_definition (57)
    on left: 8 9, on right: 3 9
constant_definition_part (58)
    on left: 10, on right: 5
plus_constant_definition (59)
    on left: 11 12, on right: 10 12
constant_definition (60)
    on left: 13 14 15, on right: 11 12
variable_definition_part (61)
    on left: 16, on right: 7
plus_variable_definition (62)
    on left: 17 18, on right: 16 18
variable_definition (63)
    on left: 19, on right: 17 18
variable_group (64)
    on left: 20, on right: 19 33
star_comma_id (65)
    on left: 21 22, on right: 20 22
type (66)
    on left: 23 24 25, on right: 20
procedure_definition (67)
    on left: 26, on right: 9
procedure_block (68)
    on left: 27, on right: 26
opt_brc_formal_parameter_list_brc (69)
    on left: 28 29, on right: 27
formal_parameter_list (70)
    on left: 30, on right: 29
star_smc_parameter_definition (71)
    on left: 31 32, on right: 30 32
parameter_definition (72)
    on left: 33, on right: 30 32
statement (73)
    on left: 34 35 36 37 38 39, on right: 48 49 50 51 53
assignment_statement (74)
    on left: 40, on right: 39
procedure_statement (75)
    on left: 41, on right: 35
opt_brc_actual_parameter_list_brc (76)
    on left: 42 43, on right: 41
actual_parameter_list (77)
    on left: 44, on right: 43
star_comma_actual_parameter (78)
    on left: 45 46, on right: 44 46
actual_parameter (79)
    on left: 47, on right: 44 46
if_statement (80)
    on left: 48 49, on right: 36
while_statement (81)
    on left: 50, on right: 37
compound_statement (82)
    on left: 51, on right: 3 38
star_comma_statement (83)
    on left: 52 53, on right: 51 53
expression (84)
    on left: 54, on right: 40 47 48 49 50 81
opt_relational_operator_simple_expression (85)
    on left: 55 56, on right: 54
relational_operator (86)
    on left: 57 58 59 60 61 62, on right: 56
simple_expression (87)
    on left: 63 64, on right: 54 56
sign_operator (88)
    on left: 65 66, on right: 63
star_adding_operator_term (89)
    on left: 67 68, on right: 63 64 68
adding_operator (90)
    on left: 69 70 71, on right: 68
term (91)
    on left: 72, on right: 63 64 68
star_multiplying_operator_factor (92)
    on left: 73 74, on right: 72 74
multiplying_operator (93)
    on left: 75 76 77 78 79, on right: 74
factor (94)
    on left: 80 81 82, on right: 72 74 82
variable_access (95)
    on left: 83, on right: 40 87
constant (96)
    on left: 84 85 86 87, on right: 80


state 0

    0 $accept: . input T_EOF

    T_PROGRAM  shift, and go to state 1

    input  go to state 2


state 1

    1 input: T_PROGRAM . T_ID T_SEMICOLON force_initialization block_body T_PERIOD

    T_ID  shift, and go to state 3


state 2

    0 $accept: input . T_EOF

    T_EOF  shift, and go to state 4


state 3

    1 input: T_PROGRAM T_ID . T_SEMICOLON force_initialization block_body T_PERIOD

    T_SEMICOLON  shift, and go to state 5


state 4

    0 $accept: input T_EOF .

    $default  accept


state 5

    1 input: T_PROGRAM T_ID T_SEMICOLON . force_initialization block_body T_PERIOD

    $default  reduce using rule 2 (force_initialization)

    force_initialization  go to state 6


state 6

    1 input: T_PROGRAM T_ID T_SEMICOLON force_initialization . block_body T_PERIOD

    T_CONST  shift, and go to state 7

    $default  reduce using rule 4 (opt_constant_definition_part)

    block_body                    go to state 8
    opt_constant_definition_part  go to state 9
    constant_definition_part      go to state 10


state 7

   10 constant_definition_part: T_CONST . plus_constant_definition

    T_ID  shift, and go to state 11

    plus_constant_definition  go to state 12
    constant_definition       go to state 13


state 8

    1 input: T_PROGRAM T_ID T_SEMICOLON force_initialization block_body . T_PERIOD

    T_PERIOD  shift, and go to state 14


state 9

    3 block_body: opt_constant_definition_part . opt_variable_definition_part star_procedure_definition compound_statement

    T_VAR  shift, and go to state 15

    $default  reduce using rule 6 (opt_variable_definition_part)

    opt_variable_definition_part  go to state 16
    variable_definition_part      go to state 17


state 10

    5 opt_constant_definition_part: constant_definition_part .

    $default  reduce using rule 5 (opt_constant_definition_part)


state 11

   13 constant_definition: T_ID . T_EQ T_INT_CONST T_SEMICOLON
   14                    | T_ID . T_EQ T_REAL_CONST T_SEMICOLON
   15                    | T_ID . T_EQ T_BOOLEAN_CONST T_SEMICOLON

    T_EQ  shift, and go to state 18


state 12

   10 constant_definition_part: T_CONST plus_constant_definition .

    $default  reduce using rule 10 (constant_definition_part)


state 13

   11 plus_constant_definition: constant_definition .
   12                         | constant_definition . plus_constant_definition

    T_ID  shift, and go to state 11

    $default  reduce using rule 11 (plus_constant_definition)

    plus_constant_definition  go to state 19
    constant_definition       go to state 13


state 14

    1 input: T_PROGRAM T_ID T_SEMICOLON force_initialization block_body T_PERIOD .

    $default  reduce using rule 1 (input)


state 15

   16 variable_definition_part: T_VAR . plus_variable_definition

    T_ID  shift, and go to state 20

    plus_variable_definition  go to state 21
    variable_definition       go to state 22
    variable_group            go to state 23


state 16

    3 block_body: opt_constant_definition_part opt_variable_definition_part . star_procedure_definition compound_statement

    T_PROCEDURE  shift, and go to state 24

    $default  reduce using rule 8 (star_procedure_definition)

    star_procedure_definition  go to state 25
    procedure_definition       go to state 26
    procedure_block            go to state 27


state 17

    7 opt_variable_definition_part: variable_definition_part .

    $default  reduce using rule 7 (opt_variable_definition_part)


state 18

   13 constant_definition: T_ID T_EQ . T_INT_CONST T_SEMICOLON
   14                    | T_ID T_EQ . T_REAL_CONST T_SEMICOLON
   15                    | T_ID T_EQ . T_BOOLEAN_CONST T_SEMICOLON

    T_INT_CONST      shift, and go to state 28
    T_REAL_CONST     shift, and go to state 29
    T_BOOLEAN_CONST  shift, and go to state 30


state 19

   12 plus_constant_definition: constant_definition plus_constant_definition .

    $default  reduce using rule 12 (plus_constant_definition)


state 20

   20 variable_group: T_ID . star_comma_id T_COLON type

    T_COMMA  shift, and go to state 31

    $default  reduce using rule 21 (star_comma_id)

    star_comma_id  go to state 32


state 21

   16 variable_definition_part: T_VAR plus_variable_definition .

    $default  reduce using rule 16 (variable_definition_part)


state 22

   17 plus_variable_definition: variable_definition .
   18                         | variable_definition . plus_variable_definition

    T_ID  shift, and go to state 20

    $default  reduce using rule 17 (plus_variable_definition)

    plus_variable_definition  go to state 33
    variable_definition       go to state 22
    variable_group            go to state 23


state 23

   19 variable_definition: variable_group . T_SEMICOLON

    T_SEMICOLON  shift, and go to state 34


state 24

   27 procedure_block: T_PROCEDURE . T_ID opt_brc_formal_parameter_list_brc T_SEMICOLON

    T_ID  shift, and go to state 35


state 25

    3 block_body: opt_constant_definition_part opt_variable_definition_part star_procedure_definition . compound_statement

    T_BEGIN  shift, and go to state 36

    compound_statement  go to state 37


state 26

    9 star_procedure_definition: procedure_definition . star_procedure_definition

    T_PROCEDURE  shift, and go to state 24

    $default  reduce using rule 8 (star_procedure_definition)

    star_procedure_definition  go to state 38
    procedure_definition       go to state 26
    procedure_block            go to state 27


state 27

   26 procedure_definition: procedure_block . block_body T_SEMICOLON

    T_CONST  shift, and go to state 7

    $default  reduce using rule 4 (opt_constant_definition_part)

    block_body                    go to state 39
    opt_constant_definition_part  go to state 9
    constant_definition_part      go to state 10


state 28

   13 constant_definition: T_ID T_EQ T_INT_CONST . T_SEMICOLON

    T_SEMICOLON  shift, and go to state 40


state 29

   14 constant_definition: T_ID T_EQ T_REAL_CONST . T_SEMICOLON

    T_SEMICOLON  shift, and go to state 41


state 30

   15 constant_definition: T_ID T_EQ T_BOOLEAN_CONST . T_SEMICOLON

    T_SEMICOLON  shift, and go to state 42


state 31

   22 star_comma_id: T_COMMA . T_ID star_comma_id

    T_ID  shift, and go to state 43


state 32

   20 variable_group: T_ID star_comma_id . T_COLON type

    T_COLON  shift, and go to state 44


state 33

   18 plus_variable_definition: variable_definition plus_variable_definition .

    $default  reduce using rule 18 (plus_variable_definition)


state 34

   19 variable_definition: variable_group T_SEMICOLON .

    $default  reduce using rule 19 (variable_definition)


state 35

   27 procedure_block: T_PROCEDURE T_ID . opt_brc_formal_parameter_list_brc T_SEMICOLON

    T_LBRACKET  shift, and go to state 45

    $default  reduce using rule 28 (opt_brc_formal_parameter_list_brc)

    opt_brc_formal_parameter_list_brc  go to state 46


state 36

   51 compound_statement: T_BEGIN . statement star_comma_statement T_END

    T_ID     shift, and go to state 47
    T_BEGIN  shift, and go to state 36
    T_IF     shift, and go to state 48
    T_WHILE  shift, and go to state 49

    $default  reduce using rule 34 (statement)

    statement             go to state 50
    assignment_statement  go to state 51
    procedure_statement   go to state 52
    if_statement          go to state 53
    while_statement       go to state 54
    compound_statement    go to state 55
    variable_access       go to state 56


state 37

    3 block_body: opt_constant_definition_part opt_variable_definition_part star_procedure_definition compound_statement .

    $default  reduce using rule 3 (block_body)


state 38

    9 star_procedure_definition: procedure_definition star_procedure_definition .

    $default  reduce using rule 9 (star_procedure_definition)


state 39

   26 procedure_definition: procedure_block block_body . T_SEMICOLON

    T_SEMICOLON  shift, and go to state 57


state 40

   13 constant_definition: T_ID T_EQ T_INT_CONST T_SEMICOLON .

    $default  reduce using rule 13 (constant_definition)


state 41

   14 constant_definition: T_ID T_EQ T_REAL_CONST T_SEMICOLON .

    $default  reduce using rule 14 (constant_definition)


state 42

   15 constant_definition: T_ID T_EQ T_BOOLEAN_CONST T_SEMICOLON .

    $default  reduce using rule 15 (constant_definition)


state 43

   22 star_comma_id: T_COMMA T_ID . star_comma_id

    T_COMMA  shift, and go to state 31

    $default  reduce using rule 21 (star_comma_id)

    star_comma_id  go to state 58


state 44

   20 variable_group: T_ID star_comma_id T_COLON . type

    T_INTEGER  shift, and go to state 59
    T_REAL     shift, and go to state 60
    T_BOOLEAN  shift, and go to state 61

    type  go to state 62


state 45

   29 opt_brc_formal_parameter_list_brc: T_LBRACKET . formal_parameter_list T_RBRACKET

    T_ID  shift, and go to state 20

    variable_group         go to state 63
    formal_parameter_list  go to state 64
    parameter_definition   go to state 65


state 46

   27 procedure_block: T_PROCEDURE T_ID opt_brc_formal_parameter_list_brc . T_SEMICOLON

    T_SEMICOLON  shift, and go to state 66


state 47

   41 procedure_statement: T_ID . opt_brc_actual_parameter_list_brc
   83 variable_access: T_ID .

    T_LBRACKET  shift, and go to state 67

    T_ASSIGN  reduce using rule 83 (variable_access)
    $default  reduce using rule 42 (opt_brc_actual_parameter_list_brc)

    opt_brc_actual_parameter_list_brc  go to state 68


state 48

   48 if_statement: T_IF . expression T_THEN statement
   49             | T_IF . expression T_THEN statement T_ELSE statement

    T_ID             shift, and go to state 69
    T_INT_CONST      shift, and go to state 70
    T_REAL_CONST     shift, and go to state 71
    T_BOOLEAN_CONST  shift, and go to state 72
    T_PLUS           shift, and go to state 73
    T_MINUS          shift, and go to state 74
    T_NOT            shift, and go to state 75
    T_LBRACKET       shift, and go to state 76

    expression         go to state 77
    simple_expression  go to state 78
    sign_operator      go to state 79
    term               go to state 80
    factor             go to state 81
    variable_access    go to state 82
    constant           go to state 83


state 49

   50 while_statement: T_WHILE . expression T_DO statement

    T_ID             shift, and go to state 69
    T_INT_CONST      shift, and go to state 70
    T_REAL_CONST     shift, and go to state 71
    T_BOOLEAN_CONST  shift, and go to state 72
    T_PLUS           shift, and go to state 73
    T_MINUS          shift, and go to state 74
    T_NOT            shift, and go to state 75
    T_LBRACKET       shift, and go to state 76

    expression         go to state 84
    simple_expression  go to state 78
    sign_operator      go to state 79
    term               go to state 80
    factor             go to state 81
    variable_access    go to state 82
    constant           go to state 83


state 50

   51 compound_statement: T_BEGIN statement . star_comma_statement T_END

    T_SEMICOLON  shift, and go to state 85

    $default  reduce using rule 52 (star_comma_statement)

    star_comma_statement  go to state 86


state 51

   39 statement: assignment_statement .

    $default  reduce using rule 39 (statement)


state 52

   35 statement: procedure_statement .

    $default  reduce using rule 35 (statement)


state 53

   36 statement: if_statement .

    $default  reduce using rule 36 (statement)


state 54

   37 statement: while_statement .

    $default  reduce using rule 37 (statement)


state 55

   38 statement: compound_statement .

    $default  reduce using rule 38 (statement)


state 56

   40 assignment_statement: variable_access . T_ASSIGN expression

    T_ASSIGN  shift, and go to state 87


state 57

   26 procedure_definition: procedure_block block_body T_SEMICOLON .

    $default  reduce using rule 26 (procedure_definition)


state 58

   22 star_comma_id: T_COMMA T_ID star_comma_id .

    $default  reduce using rule 22 (star_comma_id)


state 59

   23 type: T_INTEGER .

    $default  reduce using rule 23 (type)


state 60

   24 type: T_REAL .

    $default  reduce using rule 24 (type)


state 61

   25 type: T_BOOLEAN .

    $default  reduce using rule 25 (type)


state 62

   20 variable_group: T_ID star_comma_id T_COLON type .

    $default  reduce using rule 20 (variable_group)


state 63

   33 parameter_definition: variable_group .

    $default  reduce using rule 33 (parameter_definition)


state 64

   29 opt_brc_formal_parameter_list_brc: T_LBRACKET formal_parameter_list . T_RBRACKET

    T_RBRACKET  shift, and go to state 88


state 65

   30 formal_parameter_list: parameter_definition . star_smc_parameter_definition

    T_SEMICOLON  shift, and go to state 89

    $default  reduce using rule 31 (star_smc_parameter_definition)

    star_smc_parameter_definition  go to state 90


state 66

   27 procedure_block: T_PROCEDURE T_ID opt_brc_formal_parameter_list_brc T_SEMICOLON .

    $default  reduce using rule 27 (procedure_block)


state 67

   43 opt_brc_actual_parameter_list_brc: T_LBRACKET . actual_parameter_list T_RBRACKET

    T_ID             shift, and go to state 69
    T_INT_CONST      shift, and go to state 70
    T_REAL_CONST     shift, and go to state 71
    T_BOOLEAN_CONST  shift, and go to state 72
    T_PLUS           shift, and go to state 73
    T_MINUS          shift, and go to state 74
    T_NOT            shift, and go to state 75
    T_LBRACKET       shift, and go to state 76

    actual_parameter_list  go to state 91
    actual_parameter       go to state 92
    expression             go to state 93
    simple_expression      go to state 78
    sign_operator          go to state 79
    term                   go to state 80
    factor                 go to state 81
    variable_access        go to state 82
    constant               go to state 83


state 68

   41 procedure_statement: T_ID opt_brc_actual_parameter_list_brc .

    $default  reduce using rule 41 (procedure_statement)


state 69

   83 variable_access: T_ID .

    $default  reduce using rule 83 (variable_access)


state 70

   84 constant: T_INT_CONST .

    $default  reduce using rule 84 (constant)


state 71

   85 constant: T_REAL_CONST .

    $default  reduce using rule 85 (constant)


state 72

   86 constant: T_BOOLEAN_CONST .

    $default  reduce using rule 86 (constant)


state 73

   65 sign_operator: T_PLUS .

    $default  reduce using rule 65 (sign_operator)


state 74

   66 sign_operator: T_MINUS .

    $default  reduce using rule 66 (sign_operator)


state 75

   82 factor: T_NOT . factor

    T_ID             shift, and go to state 69
    T_INT_CONST      shift, and go to state 70
    T_REAL_CONST     shift, and go to state 71
    T_BOOLEAN_CONST  shift, and go to state 72
    T_NOT            shift, and go to state 75
    T_LBRACKET       shift, and go to state 76

    factor           go to state 94
    variable_access  go to state 82
    constant         go to state 83


state 76

   81 factor: T_LBRACKET . expression T_RBRACKET

    T_ID             shift, and go to state 69
    T_INT_CONST      shift, and go to state 70
    T_REAL_CONST     shift, and go to state 71
    T_BOOLEAN_CONST  shift, and go to state 72
    T_PLUS           shift, and go to state 73
    T_MINUS          shift, and go to state 74
    T_NOT            shift, and go to state 75
    T_LBRACKET       shift, and go to state 76

    expression         go to state 95
    simple_expression  go to state 78
    sign_operator      go to state 79
    term               go to state 80
    factor             go to state 81
    variable_access    go to state 82
    constant           go to state 83


state 77

   48 if_statement: T_IF expression . T_THEN statement
   49             | T_IF expression . T_THEN statement T_ELSE statement

    T_THEN  shift, and go to state 96


state 78

   54 expression: simple_expression . opt_relational_operator_simple_expression

    T_EQ   shift, and go to state 97
    T_DIF  shift, and go to state 98
    T_LT   shift, and go to state 99
    T_LEQ  shift, and go to state 100
    T_GT   shift, and go to state 101
    T_GEQ  shift, and go to state 102

    $default  reduce using rule 55 (opt_relational_operator_simple_expression)

    opt_relational_operator_simple_expression  go to state 103
    relational_operator                        go to state 104


state 79

   63 simple_expression: sign_operator . term star_adding_operator_term

    T_ID             shift, and go to state 69
    T_INT_CONST      shift, and go to state 70
    T_REAL_CONST     shift, and go to state 71
    T_BOOLEAN_CONST  shift, and go to state 72
    T_NOT            shift, and go to state 75
    T_LBRACKET       shift, and go to state 76

    term             go to state 105
    factor           go to state 81
    variable_access  go to state 82
    constant         go to state 83


state 80

   64 simple_expression: term . star_adding_operator_term

    T_PLUS   shift, and go to state 106
    T_MINUS  shift, and go to state 107
    T_OR     shift, and go to state 108

    $default  reduce using rule 67 (star_adding_operator_term)

    star_adding_operator_term  go to state 109
    adding_operator            go to state 110


state 81

   72 term: factor . star_multiplying_operator_factor

    T_TIMES   shift, and go to state 111
    T_DIVIDE  shift, and go to state 112
    T_DIV     shift, and go to state 113
    T_MOD     shift, and go to state 114
    T_AND     shift, and go to state 115

    $default  reduce using rule 73 (star_multiplying_operator_factor)

    star_multiplying_operator_factor  go to state 116
    multiplying_operator              go to state 117


state 82

   87 constant: variable_access .

    $default  reduce using rule 87 (constant)


state 83

   80 factor: constant .

    $default  reduce using rule 80 (factor)


state 84

   50 while_statement: T_WHILE expression . T_DO statement

    T_DO  shift, and go to state 118


state 85

   53 star_comma_statement: T_SEMICOLON . statement star_comma_statement

    T_ID     shift, and go to state 47
    T_BEGIN  shift, and go to state 36
    T_IF     shift, and go to state 48
    T_WHILE  shift, and go to state 49

    $default  reduce using rule 34 (statement)

    statement             go to state 119
    assignment_statement  go to state 51
    procedure_statement   go to state 52
    if_statement          go to state 53
    while_statement       go to state 54
    compound_statement    go to state 55
    variable_access       go to state 56


state 86

   51 compound_statement: T_BEGIN statement star_comma_statement . T_END

    T_END  shift, and go to state 120


state 87

   40 assignment_statement: variable_access T_ASSIGN . expression

    T_ID             shift, and go to state 69
    T_INT_CONST      shift, and go to state 70
    T_REAL_CONST     shift, and go to state 71
    T_BOOLEAN_CONST  shift, and go to state 72
    T_PLUS           shift, and go to state 73
    T_MINUS          shift, and go to state 74
    T_NOT            shift, and go to state 75
    T_LBRACKET       shift, and go to state 76

    expression         go to state 121
    simple_expression  go to state 78
    sign_operator      go to state 79
    term               go to state 80
    factor             go to state 81
    variable_access    go to state 82
    constant           go to state 83


state 88

   29 opt_brc_formal_parameter_list_brc: T_LBRACKET formal_parameter_list T_RBRACKET .

    $default  reduce using rule 29 (opt_brc_formal_parameter_list_brc)


state 89

   32 star_smc_parameter_definition: T_SEMICOLON . parameter_definition star_smc_parameter_definition

    T_ID  shift, and go to state 20

    variable_group        go to state 63
    parameter_definition  go to state 122


state 90

   30 formal_parameter_list: parameter_definition star_smc_parameter_definition .

    $default  reduce using rule 30 (formal_parameter_list)


state 91

   43 opt_brc_actual_parameter_list_brc: T_LBRACKET actual_parameter_list . T_RBRACKET

    T_RBRACKET  shift, and go to state 123


state 92

   44 actual_parameter_list: actual_parameter . star_comma_actual_parameter

    T_COMMA  shift, and go to state 124

    $default  reduce using rule 45 (star_comma_actual_parameter)

    star_comma_actual_parameter  go to state 125


state 93

   47 actual_parameter: expression .

    $default  reduce using rule 47 (actual_parameter)


state 94

   82 factor: T_NOT factor .

    $default  reduce using rule 82 (factor)


state 95

   81 factor: T_LBRACKET expression . T_RBRACKET

    T_RBRACKET  shift, and go to state 126


state 96

   48 if_statement: T_IF expression T_THEN . statement
   49             | T_IF expression T_THEN . statement T_ELSE statement

    T_ID     shift, and go to state 47
    T_BEGIN  shift, and go to state 36
    T_IF     shift, and go to state 48
    T_WHILE  shift, and go to state 49

    $default  reduce using rule 34 (statement)

    statement             go to state 127
    assignment_statement  go to state 51
    procedure_statement   go to state 52
    if_statement          go to state 53
    while_statement       go to state 54
    compound_statement    go to state 55
    variable_access       go to state 56


state 97

   58 relational_operator: T_EQ .

    $default  reduce using rule 58 (relational_operator)


state 98

   61 relational_operator: T_DIF .

    $default  reduce using rule 61 (relational_operator)


state 99

   57 relational_operator: T_LT .

    $default  reduce using rule 57 (relational_operator)


state 100

   60 relational_operator: T_LEQ .

    $default  reduce using rule 60 (relational_operator)


state 101

   59 relational_operator: T_GT .

    $default  reduce using rule 59 (relational_operator)


state 102

   62 relational_operator: T_GEQ .

    $default  reduce using rule 62 (relational_operator)


state 103

   54 expression: simple_expression opt_relational_operator_simple_expression .

    $default  reduce using rule 54 (expression)


state 104

   56 opt_relational_operator_simple_expression: relational_operator . simple_expression

    T_ID             shift, and go to state 69
    T_INT_CONST      shift, and go to state 70
    T_REAL_CONST     shift, and go to state 71
    T_BOOLEAN_CONST  shift, and go to state 72
    T_PLUS           shift, and go to state 73
    T_MINUS          shift, and go to state 74
    T_NOT            shift, and go to state 75
    T_LBRACKET       shift, and go to state 76

    simple_expression  go to state 128
    sign_operator      go to state 79
    term               go to state 80
    factor             go to state 81
    variable_access    go to state 82
    constant           go to state 83


state 105

   63 simple_expression: sign_operator term . star_adding_operator_term

    T_PLUS   shift, and go to state 106
    T_MINUS  shift, and go to state 107
    T_OR     shift, and go to state 108

    $default  reduce using rule 67 (star_adding_operator_term)

    star_adding_operator_term  go to state 129
    adding_operator            go to state 110


state 106

   69 adding_operator: T_PLUS .

    $default  reduce using rule 69 (adding_operator)


state 107

   70 adding_operator: T_MINUS .

    $default  reduce using rule 70 (adding_operator)


state 108

   71 adding_operator: T_OR .

    $default  reduce using rule 71 (adding_operator)


state 109

   64 simple_expression: term star_adding_operator_term .

    $default  reduce using rule 64 (simple_expression)


state 110

   68 star_adding_operator_term: adding_operator . term star_adding_operator_term

    T_ID             shift, and go to state 69
    T_INT_CONST      shift, and go to state 70
    T_REAL_CONST     shift, and go to state 71
    T_BOOLEAN_CONST  shift, and go to state 72
    T_NOT            shift, and go to state 75
    T_LBRACKET       shift, and go to state 76

    term             go to state 130
    factor           go to state 81
    variable_access  go to state 82
    constant         go to state 83


state 111

   75 multiplying_operator: T_TIMES .

    $default  reduce using rule 75 (multiplying_operator)


state 112

   79 multiplying_operator: T_DIVIDE .

    $default  reduce using rule 79 (multiplying_operator)


state 113

   76 multiplying_operator: T_DIV .

    $default  reduce using rule 76 (multiplying_operator)


state 114

   77 multiplying_operator: T_MOD .

    $default  reduce using rule 77 (multiplying_operator)


state 115

   78 multiplying_operator: T_AND .

    $default  reduce using rule 78 (multiplying_operator)


state 116

   72 term: factor star_multiplying_operator_factor .

    $default  reduce using rule 72 (term)


state 117

   74 star_multiplying_operator_factor: multiplying_operator . factor star_multiplying_operator_factor

    T_ID             shift, and go to state 69
    T_INT_CONST      shift, and go to state 70
    T_REAL_CONST     shift, and go to state 71
    T_BOOLEAN_CONST  shift, and go to state 72
    T_NOT            shift, and go to state 75
    T_LBRACKET       shift, and go to state 76

    factor           go to state 131
    variable_access  go to state 82
    constant         go to state 83


state 118

   50 while_statement: T_WHILE expression T_DO . statement

    T_ID     shift, and go to state 47
    T_BEGIN  shift, and go to state 36
    T_IF     shift, and go to state 48
    T_WHILE  shift, and go to state 49

    $default  reduce using rule 34 (statement)

    statement             go to state 132
    assignment_statement  go to state 51
    procedure_statement   go to state 52
    if_statement          go to state 53
    while_statement       go to state 54
    compound_statement    go to state 55
    variable_access       go to state 56


state 119

   53 star_comma_statement: T_SEMICOLON statement . star_comma_statement

    T_SEMICOLON  shift, and go to state 85

    $default  reduce using rule 52 (star_comma_statement)

    star_comma_statement  go to state 133


state 120

   51 compound_statement: T_BEGIN statement star_comma_statement T_END .

    $default  reduce using rule 51 (compound_statement)


state 121

   40 assignment_statement: variable_access T_ASSIGN expression .

    $default  reduce using rule 40 (assignment_statement)


state 122

   32 star_smc_parameter_definition: T_SEMICOLON parameter_definition . star_smc_parameter_definition

    T_SEMICOLON  shift, and go to state 89

    $default  reduce using rule 31 (star_smc_parameter_definition)

    star_smc_parameter_definition  go to state 134


state 123

   43 opt_brc_actual_parameter_list_brc: T_LBRACKET actual_parameter_list T_RBRACKET .

    $default  reduce using rule 43 (opt_brc_actual_parameter_list_brc)


state 124

   46 star_comma_actual_parameter: T_COMMA . actual_parameter star_comma_actual_parameter

    T_ID             shift, and go to state 69
    T_INT_CONST      shift, and go to state 70
    T_REAL_CONST     shift, and go to state 71
    T_BOOLEAN_CONST  shift, and go to state 72
    T_PLUS           shift, and go to state 73
    T_MINUS          shift, and go to state 74
    T_NOT            shift, and go to state 75
    T_LBRACKET       shift, and go to state 76

    actual_parameter   go to state 135
    expression         go to state 93
    simple_expression  go to state 78
    sign_operator      go to state 79
    term               go to state 80
    factor             go to state 81
    variable_access    go to state 82
    constant           go to state 83


state 125

   44 actual_parameter_list: actual_parameter star_comma_actual_parameter .

    $default  reduce using rule 44 (actual_parameter_list)


state 126

   81 factor: T_LBRACKET expression T_RBRACKET .

    $default  reduce using rule 81 (factor)


state 127

   48 if_statement: T_IF expression T_THEN statement .
   49             | T_IF expression T_THEN statement . T_ELSE statement

    T_ELSE  shift, and go to state 136

    $default  reduce using rule 48 (if_statement)


state 128

   56 opt_relational_operator_simple_expression: relational_operator simple_expression .

    $default  reduce using rule 56 (opt_relational_operator_simple_expression)


state 129

   63 simple_expression: sign_operator term star_adding_operator_term .

    $default  reduce using rule 63 (simple_expression)


state 130

   68 star_adding_operator_term: adding_operator term . star_adding_operator_term

    T_PLUS   shift, and go to state 106
    T_MINUS  shift, and go to state 107
    T_OR     shift, and go to state 108

    $default  reduce using rule 67 (star_adding_operator_term)

    star_adding_operator_term  go to state 137
    adding_operator            go to state 110


state 131

   74 star_multiplying_operator_factor: multiplying_operator factor . star_multiplying_operator_factor

    T_TIMES   shift, and go to state 111
    T_DIVIDE  shift, and go to state 112
    T_DIV     shift, and go to state 113
    T_MOD     shift, and go to state 114
    T_AND     shift, and go to state 115

    $default  reduce using rule 73 (star_multiplying_operator_factor)

    star_multiplying_operator_factor  go to state 138
    multiplying_operator              go to state 117


state 132

   50 while_statement: T_WHILE expression T_DO statement .

    $default  reduce using rule 50 (while_statement)


state 133

   53 star_comma_statement: T_SEMICOLON statement star_comma_statement .

    $default  reduce using rule 53 (star_comma_statement)


state 134

   32 star_smc_parameter_definition: T_SEMICOLON parameter_definition star_smc_parameter_definition .

    $default  reduce using rule 32 (star_smc_parameter_definition)


state 135

   46 star_comma_actual_parameter: T_COMMA actual_parameter . star_comma_actual_parameter

    T_COMMA  shift, and go to state 124

    $default  reduce using rule 45 (star_comma_actual_parameter)

    star_comma_actual_parameter  go to state 139


state 136

   49 if_statement: T_IF expression T_THEN statement T_ELSE . statement

    T_ID     shift, and go to state 47
    T_BEGIN  shift, and go to state 36
    T_IF     shift, and go to state 48
    T_WHILE  shift, and go to state 49

    $default  reduce using rule 34 (statement)

    statement             go to state 140
    assignment_statement  go to state 51
    procedure_statement   go to state 52
    if_statement          go to state 53
    while_statement       go to state 54
    compound_statement    go to state 55
    variable_access       go to state 56


state 137

   68 star_adding_operator_term: adding_operator term star_adding_operator_term .

    $default  reduce using rule 68 (star_adding_operator_term)


state 138

   74 star_multiplying_operator_factor: multiplying_operator factor star_multiplying_operator_factor .

    $default  reduce using rule 74 (star_multiplying_operator_factor)


state 139

   46 star_comma_actual_parameter: T_COMMA actual_parameter star_comma_actual_parameter .

    $default  reduce using rule 46 (star_comma_actual_parameter)


state 140

   49 if_statement: T_IF expression T_THEN statement T_ELSE statement .

    $default  reduce using rule 49 (if_statement)
